<?xml version="1.0" encoding="UTF-8"?>
<testsuite name="org.example.pl0.TestExecutor" tests="1" skipped="0" failures="0" errors="0" timestamp="2020-05-27T16:37:46" hostname="keishis-iMac.local" time="0.047">
  <properties/>
  <testcase name="testExecutor2" classname="org.example.pl0.TestExecutor" time="0.047"/>
  <system-out><![CDATA[3
0
1
1
2
3
5
8
13
21
34

3
]]></system-out>
  <system-err><![CDATA[]]></system-err>
</testsuite>
